<?xml version="1.0" encoding="UTF-8"?>
<testsuite xmlns:xsi="http://www.w3.org/2001/XMLSchema-instance" xsi:noNamespaceSchemaLocation="https://maven.apache.org/surefire/maven-surefire-plugin/xsd/surefire-test-report-3.0.xsd" version="3.0" name="runner.TestRunner" time="18.937" tests="7" errors="0" skipped="0" failures="0">
  <properties>
[...]
</properties>
  <testcase name="Gerar token com sucesso" classname="Autenticação" time="5.317">
    <system-out><![CDATA[
@auth
Scenario: Gerar token com sucesso          &amp#27;[90m# features/auth.feature:4&amp#27;[0m
  &amp#27;[32mGiven &amp#27;[0m&amp#27;[32mque possuo credenciais validas&amp#27;[0m     &amp#27;[90m# steps.AuthSteps.credenciaisValidas()&amp#27;[0m
BASE URL CONFIG: https://restful-booker.herokuapp.com
Request method:	POST
Request URI:	https://restful-booker.herokuapp.com/auth
Proxy:			<none>
Request params:	<none>
Query params:	<none>
Form params:	<none>
Path params:	<none>
Headers:		Accept=*/*
				Content-Type=application/json
Cookies:		<none>
Multiparts:		<none>
Body:
{
    "username": "admin",
    "password": "password123"
}
HTTP/1.1 200 OK
Content-Length: 27
Content-Type: application/json; charset=utf-8
Date: Thu, 24 Sep 2026 18:37:40 GMT
Etag: W/"1b-bbFYxWBCM6l537kkmESDBM//q+A"
Nel: {"report_to":"heroku-nel","response_headers":["Via"],"max_age":3600,"success_fraction":0.01,"failure_fraction":0.1}
Report-To: {"group":"heroku-nel","endpoints":[{"url":"https://nel.heroku.com/reports?s=3ovTlFXNhP2Ql5pqs4yfm1J2EGQ6ZWs4iBbPwSZQN94%3D\u0026sid=c46efe9b-d3d2-4a0c-8c76-bfafa16c5add\u0026ts=1790275060"}],"max_age":3600}
Reporting-Endpoints: heroku-nel="https://nel.heroku.com/reports?s=3ovTlFXNhP2Ql5pqs4yfm1J2EGQ6ZWs4iBbPwSZQN94%3D&sid=c46efe9b-d3d2-4a0c-8c76-bfafa16c5add&ts=1790275060"
Server: Heroku
Via: 1.1 heroku-router
X-Powered-By: Express

{
    "token": "0237a7fd6844d74"
}
  &amp#27;[32mWhen &amp#27;[0m&amp#27;[32msolicito a geracao do token&amp#27;[0m         &amp#27;[90m# steps.AuthSteps.solicitarToken()&amp#27;[0m
  &amp#27;[32mThen &amp#27;[0m&amp#27;[32mo token deve ser gerado com sucesso&amp#27;[0m &amp#27;[90m# steps.AuthSteps.validarToken()&amp#27;[0m
]]></system-out>
  </testcase>
  <testcase name="Cadastrar booking" classname="Cadastrar booking" time="1.015">
    <system-out><![CDATA[
@createBooking
Scenario: Cadastrar booking                  &amp#27;[90m# features/createBooking.feature:4&amp#27;[0m
  &amp#27;[32mGiven &amp#27;[0m&amp#27;[32mque possuo acesso a API de bookings&amp#27;[0m  &amp#27;[90m# steps.BookingSteps.acessoApi()&amp#27;[0m
BASE URL CONFIG: https://restful-booker.herokuapp.com
  &amp#27;[32mWhen &amp#27;[0m&amp#27;[32mrealizo o cadastro de um novo booking&amp#27;[0m &amp#27;[90m# steps.BookingSteps.criarBooking()&amp#27;[0m
  &amp#27;[32mThen &amp#27;[0m&amp#27;[32ma API deve retornar status code 200&amp#27;[0m   &amp#27;[90m# steps.BookingSteps.validarStatusCode200()&amp#27;[0m
  &amp#27;[32mAnd &amp#27;[0m&amp#27;[32mdeve retornar o booking cadastrado&amp#27;[0m     &amp#27;[90m# steps.BookingSteps.validarBookingCriado()&amp#27;[0m
]]></system-out>
  </testcase>
  <testcase name="Deletar booking especifico por ID" classname="Deletar booking especifico por ID" time="3.348">
    <system-out><![CDATA[
@deleteBooking
Scenario: Deletar booking especifico por ID &amp#27;[90m# features/deleteBooking.feature:4&amp#27;[0m
BASE URL CONFIG: https://restful-booker.herokuapp.com
Booking criado: 3680
  &amp#27;[32mGiven &amp#27;[0m&amp#27;[32mque existe um booking cadastrado&amp#27;[0m    &amp#27;[90m# steps.BookingSteps.criarBookingCapturarID()&amp#27;[0m
BASE URL CONFIG: https://restful-booker.herokuapp.com
Request method:	POST
Request URI:	https://restful-booker.herokuapp.com/auth
Proxy:			<none>
Request params:	<none>
Query params:	<none>
Form params:	<none>
Path params:	<none>
Headers:		Accept=*/*
				Content-Type=application/json
Cookies:		<none>
Multiparts:		<none>
Body:
{
    "username": "admin",
    "password": "password123"
}
HTTP/1.1 200 OK
Content-Length: 27
Content-Type: application/json; charset=utf-8
Date: Thu, 24 Sep 2026 18:37:44 GMT
Etag: W/"1b-Rfyg79rOUXlk7lDO22FmncpFlR8"
Nel: {"report_to":"heroku-nel","response_headers":["Via"],"max_age":3600,"success_fraction":0.01,"failure_fraction":0.1}
Report-To: {"group":"heroku-nel","endpoints":[{"url":"https://nel.heroku.com/reports?s=j5VEMslXPtUs4jzr5jFpSLxULC%2BlczuSL0qyPj7OCtI%3D\u0026sid=c46efe9b-d3d2-4a0c-8c76-bfafa16c5add\u0026ts=1790275064"}],"max_age":3600}
Reporting-Endpoints: heroku-nel="https://nel.heroku.com/reports?s=j5VEMslXPtUs4jzr5jFpSLxULC%2BlczuSL0qyPj7OCtI%3D&sid=c46efe9b-d3d2-4a0c-8c76-bfafa16c5add&ts=1790275064"
Server: Heroku
Via: 1.1 heroku-router
X-Powered-By: Express

{
    "token": "351b55ffb0cfb0b"
}
  &amp#27;[32mAnd &amp#27;[0m&amp#27;[32msolicito a geracao do token&amp#27;[0m           &amp#27;[90m# steps.AuthSteps.solicitarToken()&amp#27;[0m
BASE URL CONFIG: https://restful-booker.herokuapp.com
  &amp#27;[32mWhen &amp#27;[0m&amp#27;[32mrealizo a exclusao do booking&amp#27;[0m        &amp#27;[90m# steps.BookingSteps.realizo_a_exclusao_do_booking()&amp#27;[0m
  &amp#27;[32mThen &amp#27;[0m&amp#27;[32ma API deve retornar status code 201&amp#27;[0m  &amp#27;[90m# steps.BookingSteps.validarStatusCode201()&amp#27;[0m
BASE URL CONFIG: https://restful-booker.herokuapp.com
  &amp#27;[32mAnd &amp#27;[0m&amp#27;[32mo booking nao deve mais existir&amp#27;[0m       &amp#27;[90m# steps.BookingSteps.validarExclusao()&amp#27;[0m
]]></system-out>
  </testcase>
  <testcase name="Consultar booking específico por ID" classname="Consultar booking específico por ID" time="1.804">
    <system-out><![CDATA[
@getBooking
Scenario: Consultar booking específico por ID  &amp#27;[90m# features/getBooking.feature:4&amp#27;[0m
BASE URL CONFIG: https://restful-booker.herokuapp.com
Booking criado: 3715
  &amp#27;[32mGiven &amp#27;[0m&amp#27;[32mque existe um booking cadastrado&amp#27;[0m       &amp#27;[90m# steps.BookingSteps.criarBookingCapturarID()&amp#27;[0m
BASE URL CONFIG: https://restful-booker.herokuapp.com
  &amp#27;[32mWhen &amp#27;[0m&amp#27;[32mrealizo a consulta de booking por id&amp#27;[0m    &amp#27;[90m# steps.BookingSteps.consultarBookingsPorID()&amp#27;[0m
  &amp#27;[32mThen &amp#27;[0m&amp#27;[32ma API deve retornar status code 200&amp#27;[0m     &amp#27;[90m# steps.BookingSteps.validarStatusCode200()&amp#27;[0m
  &amp#27;[32mAnd &amp#27;[0m&amp#27;[32mdeve retornar o booking do ID mencionado&amp#27;[0m &amp#27;[90m# steps.BookingSteps.validarBookingPorID()&amp#27;[0m
]]></system-out>
  </testcase>
  <testcase name="Consultar IDS de uma lista de bookings" classname="Consulta IDS de uma lista de bookings" time="1.481">
    <system-out><![CDATA[
@getBookingIDS
Scenario: Consultar IDS de uma lista de bookings &amp#27;[90m# features/getBookingIDS.feature:4&amp#27;[0m
  &amp#27;[32mGiven &amp#27;[0m&amp#27;[32mque possuo acesso a API de bookings&amp#27;[0m      &amp#27;[90m# steps.BookingSteps.acessoApi()&amp#27;[0m
BASE URL CONFIG: https://restful-booker.herokuapp.com
  &amp#27;[32mWhen &amp#27;[0m&amp#27;[32mrealizo a consulta de todos os bookings&amp#27;[0m   &amp#27;[90m# steps.BookingSteps.consultarBookings()&amp#27;[0m
  &amp#27;[32mThen &amp#27;[0m&amp#27;[32ma API deve retornar status code 200&amp#27;[0m       &amp#27;[90m# steps.BookingSteps.validarStatusCode200()&amp#27;[0m
Quantidade de bookings: 2607
[3, 4, 5, 6, 7, 8, 9, 10, 11, 12]
  &amp#27;[32mAnd &amp#27;[0m&amp#27;[32mdeve retornar uma lista de bookings&amp#27;[0m        &amp#27;[90m# steps.BookingSteps.validarListaBookings()&amp#27;[0m
]]></system-out>
  </testcase>
  <testcase name="Atualizar parcialmente um booking existente" classname="Atualizar parcialmente um booking" time="2.626">
    <system-out><![CDATA[
@partialUpdateBooking
Scenario: Atualizar parcialmente um booking existente &amp#27;[90m# features/partialUpdateBooking.feature:4&amp#27;[0m
BASE URL CONFIG: https://restful-booker.herokuapp.com
Booking criado: 3749
  &amp#27;[32mGiven &amp#27;[0m&amp#27;[32mque existe um booking cadastrado&amp#27;[0m              &amp#27;[90m# steps.BookingSteps.criarBookingCapturarID()&amp#27;[0m
BASE URL CONFIG: https://restful-booker.herokuapp.com
Request method:	POST
Request URI:	https://restful-booker.herokuapp.com/auth
Proxy:			<none>
Request params:	<none>
Query params:	<none>
Form params:	<none>
Path params:	<none>
Headers:		Accept=*/*
				Content-Type=application/json
Cookies:		<none>
Multiparts:		<none>
Body:
{
    "username": "admin",
    "password": "password123"
}
HTTP/1.1 200 OK
Content-Length: 27
Content-Type: application/json; charset=utf-8
Date: Thu, 24 Sep 2026 18:37:51 GMT
Etag: W/"1b-rcoys/ULaf/9vr/dZ/eGTe67xDs"
Nel: {"report_to":"heroku-nel","response_headers":["Via"],"max_age":3600,"success_fraction":0.01,"failure_fraction":0.1}
Report-To: {"group":"heroku-nel","endpoints":[{"url":"https://nel.heroku.com/reports?s=15pjNR%2F8cK%2FfVfOEQ4dV7piPyXQ8LmUnWUgwQz3gwoY%3D\u0026sid=c46efe9b-d3d2-4a0c-8c76-bfafa16c5add\u0026ts=1790275071"}],"max_age":3600}
Reporting-Endpoints: heroku-nel="https://nel.heroku.com/reports?s=15pjNR%2F8cK%2FfVfOEQ4dV7piPyXQ8LmUnWUgwQz3gwoY%3D&sid=c46efe9b-d3d2-4a0c-8c76-bfafa16c5add&ts=1790275071"
Server: Heroku
Via: 1.1 heroku-router
X-Powered-By: Express

{
    "token": "aabbf1230e0f669"
}
  &amp#27;[32mAnd &amp#27;[0m&amp#27;[32msolicito a geracao do token&amp#27;[0m                     &amp#27;[90m# steps.AuthSteps.solicitarToken()&amp#27;[0m
BASE URL CONFIG: https://restful-booker.herokuapp.com
  &amp#27;[32mWhen &amp#27;[0m&amp#27;[32mrealizo a atualizacao parcial do booking&amp#27;[0m       &amp#27;[90m# steps.BookingSteps.atualizarBookingParcial()&amp#27;[0m
  &amp#27;[32mThen &amp#27;[0m&amp#27;[32ma API deve retornar status code 200&amp#27;[0m            &amp#27;[90m# steps.BookingSteps.validarStatusCode200()&amp#27;[0m
  &amp#27;[32mAnd &amp#27;[0m&amp#27;[32mdeve retornar os dados parcialmente atualizados&amp#27;[0m &amp#27;[90m# steps.BookingSteps.validarBookingParcialAtualizado()&amp#27;[0m
]]></system-out>
  </testcase>
  <testcase name="Atualizar booking existente" classname="Atualizar booking" time="2.563">
    <system-out><![CDATA[
@updateBooking
Scenario: Atualizar booking existente      &amp#27;[90m# features/updateBooking.feature:4&amp#27;[0m
BASE URL CONFIG: https://restful-booker.herokuapp.com
Booking criado: 3769
  &amp#27;[32mGiven &amp#27;[0m&amp#27;[32mque existe um booking cadastrado&amp#27;[0m   &amp#27;[90m# steps.BookingSteps.criarBookingCapturarID()&amp#27;[0m
BASE URL CONFIG: https://restful-booker.herokuapp.com
Request method:	POST
Request URI:	https://restful-booker.herokuapp.com/auth
Proxy:			<none>
Request params:	<none>
Query params:	<none>
Form params:	<none>
Path params:	<none>
Headers:		Accept=*/*
				Content-Type=application/json
Cookies:		<none>
Multiparts:		<none>
Body:
{
    "username": "admin",
    "password": "password123"
}
HTTP/1.1 200 OK
Content-Length: 27
Content-Type: application/json; charset=utf-8
Date: Thu, 24 Sep 2026 18:37:53 GMT
Etag: W/"1b-OYPhmG0PmWedg4Z7pwinJdUUAzs"
Nel: {"report_to":"heroku-nel","response_headers":["Via"],"max_age":3600,"success_fraction":0.01,"failure_fraction":0.1}
Report-To: {"group":"heroku-nel","endpoints":[{"url":"https://nel.heroku.com/reports?s=Fo8e4UZUJQ27EW6JqJ47IfIhQW2Mr%2BCMUagsUrDeNjU%3D\u0026sid=c46efe9b-d3d2-4a0c-8c76-bfafa16c5add\u0026ts=1790275073"}],"max_age":3600}
Reporting-Endpoints: heroku-nel="https://nel.heroku.com/reports?s=Fo8e4UZUJQ27EW6JqJ47IfIhQW2Mr%2BCMUagsUrDeNjU%3D&sid=c46efe9b-d3d2-4a0c-8c76-bfafa16c5add&ts=1790275073"
Server: Heroku
Via: 1.1 heroku-router
X-Powered-By: Express

{
    "token": "bde895250ea64f6"
}
  &amp#27;[32mAnd &amp#27;[0m&amp#27;[32msolicito a geracao do token&amp#27;[0m          &amp#27;[90m# steps.AuthSteps.solicitarToken()&amp#27;[0m
TOKEN: bde895250ea64f6
BOOKING ID: 3769
BASE URL CONFIG: https://restful-booker.herokuapp.com
Request method:	PUT
Request URI:	https://restful-booker.herokuapp.com/booking/3769
Proxy:			<none>
Request params:	<none>
Query params:	<none>
Form params:	<none>
Path params:	id=3769
Headers:		Accept=*/*
				Content-Type=application/json
Cookies:		token=bde895250ea64f6
Multiparts:		<none>
Body:
{
    "firstname": "James",
    "lastname": "Brown",
    "totalprice": 200,
    "depositpaid": true,
    "bookingdates": {
        "checkin": "2026-01-01",
        "checkout": "2026-01-10"
    },
    "additionalneeds": "Lunch"
}
HTTP/1.1 200 OK
Content-Length: 166
Content-Type: application/json; charset=utf-8
Date: Thu, 24 Sep 2026 18:37:54 GMT
Etag: W/"a6-YenUwgUaX1/XtymPwa/1zbES/iQ"
Nel: {"report_to":"heroku-nel","response_headers":["Via"],"max_age":3600,"success_fraction":0.01,"failure_fraction":0.1}
Report-To: {"group":"heroku-nel","endpoints":[{"url":"https://nel.heroku.com/reports?s=imuFmqqWA%2Bxesaj4XaGjAVY7dlwNIve8lP0L3Etk9Qk%3D\u0026sid=c46efe9b-d3d2-4a0c-8c76-bfafa16c5add\u0026ts=1790275074"}],"max_age":3600}
Reporting-Endpoints: heroku-nel="https://nel.heroku.com/reports?s=imuFmqqWA%2Bxesaj4XaGjAVY7dlwNIve8lP0L3Etk9Qk%3D&sid=c46efe9b-d3d2-4a0c-8c76-bfafa16c5add&ts=1790275074"
Server: Heroku
Via: 1.1 heroku-router
X-Powered-By: Express

{
    "firstname": "James",
    "lastname": "Brown",
    "totalprice": 200,
    "depositpaid": true,
    "bookingdates": {
        "checkin": "2026-01-01",
        "checkout": "2026-01-10"
    },
    "additionalneeds": "Lunch"
}
  &amp#27;[32mWhen &amp#27;[0m&amp#27;[32mrealizo a atualizacao do booking&amp#27;[0m    &amp#27;[90m# steps.BookingSteps.atualizarBooking()&amp#27;[0m
  &amp#27;[32mThen &amp#27;[0m&amp#27;[32ma API deve retornar status code 200&amp#27;[0m &amp#27;[90m# steps.BookingSteps.validarStatusCode200()&amp#27;[0m
  &amp#27;[32mAnd &amp#27;[0m&amp#27;[32mdeve retornar os dados atualizados&amp#27;[0m   &amp#27;[90m# steps.BookingSteps.validarBookingAtualizado()&amp#27;[0m
]]></system-out>
  </testcase>
</testsuite>